2026-06-29T22:58:58.352Z: --- QUICK CHECKOUT STARTED ---
2026-06-29T22:58:58.353Z: Data: {"first_name":"hakkı","last_name":"şahin","phone":"5323370081","email":"ddd@ddd.com","address":"sldlkdsdlsldk asdlakdlasdkalsdkasldk","province":"Ankara","city":"Beypazarı","order_note":"","coupon":"","payment_method":"cash_on_delivery","invoice_type":"bireysel","tckn":"","vkn":"","tax_office":"","company_name":"","cc_owner":"","cc_month":"","cc_year":"","cc_cvv":"***","country_code":"tr","cart_id":"cart_01KVSD8QN5DK07VVAPQBZVWRQ4","variant_id":"","quantity":1}
2026-06-29T22:58:58.354Z: Getting auth headers...
2026-06-29T22:58:58.356Z: targetCartId: cart_01KVSD8QN5DK07VVAPQBZVWRQ4
2026-06-29T22:58:58.356Z: 2. Adres Guncelleniyor...
2026-06-29T22:58:59.752Z: 2. Adresler Guncellendi
2026-06-29T22:59:00.709Z: Metadata guncellendi
2026-06-29T22:59:00.710Z: 3. Kargo secenekleri aliniyor...
2026-06-29T22:59:01.469Z: 4. Odeme seansi baslatiliyor...
2026-06-29T22:59:01.469Z: Fetching payment-cod/apply...
2026-06-29T22:59:01.477Z: payment-cod/apply success
2026-06-29T22:59:01.478Z: Retrieving cart...
2026-06-29T22:59:01.529Z: Initiating payment session with providerId: pp_cod_cash
2026-06-29T22:59:01.740Z: Payment session hatasi 1: An unknown error occurred.
2026-06-30T02:15:21.717Z: --- QUICK CHECKOUT STARTED ---
2026-06-30T02:15:21.719Z: Data: {"first_name":"hjjhjhj","last_name":"lklklkllk","phone":"5323370081","email":"hjjhhjjh@jhjhj.com","address":"jkkjlkkkll  lkklklkl","province":"Bilecik","city":"Bozüyük","order_note":"","coupon":"","payment_method":"havale","invoice_type":"bireysel","tckn":"","vkn":"","tax_office":"","company_name":"","cc_owner":"","cc_month":"","cc_year":"","cc_cvv":"***","country_code":"tr","cart_id":"cart_01KVSD8QN5DK07VVAPQBZVWRQ4","variant_id":"","quantity":1}
2026-06-30T02:15:21.720Z: Getting auth headers...
2026-06-30T02:15:21.722Z: targetCartId: cart_01KVSD8QN5DK07VVAPQBZVWRQ4
2026-06-30T02:15:21.722Z: 2. Adres Guncelleniyor...
2026-06-30T02:15:23.272Z: 2. Adresler Guncellendi
2026-06-30T02:15:24.110Z: Metadata guncellendi
2026-06-30T02:15:24.111Z: 3. Kargo secenekleri aliniyor...
2026-06-30T02:15:25.042Z: 4. Odeme seansi baslatiliyor...
2026-06-30T02:15:25.043Z: Fetching payment-cod/apply...
2026-06-30T02:15:25.049Z: payment-cod/apply success
2026-06-30T02:15:25.050Z: Retrieving cart...
2026-06-30T02:15:25.109Z: Initiating payment session with providerId: pp_bank_transfer
2026-06-30T02:15:25.164Z: Payment session initiated
2026-06-30T02:15:25.165Z: 5. Siparis isleniyor, payment method: havale
2026-06-30T02:31:06.165Z: --- QUICK CHECKOUT STARTED ---
2026-06-30T02:31:06.167Z: Data: {"first_name":"hakkı","last_name":"sadasd","phone":"5323370081","email":"ddeed@sddsds.com","address":"asdsadasd asdasdsadsad","province":"Bitlis","city":"Hizan","order_note":"","coupon":"","payment_method":"cod_cc","invoice_type":"bireysel","tckn":"","vkn":"","tax_office":"","company_name":"","cc_owner":"","cc_month":"","cc_year":"","cc_cvv":"***","country_code":"tr","cart_id":"cart_01KWB537MYW1FGN5HZPQVJS0RJ","variant_id":"","quantity":1}
2026-06-30T02:31:06.167Z: Getting auth headers...
2026-06-30T02:31:06.169Z: targetCartId: cart_01KWB537MYW1FGN5HZPQVJS0RJ
2026-06-30T02:31:06.169Z: 2. Adres Guncelleniyor...
2026-06-30T02:31:07.057Z: 2. Adresler Guncellendi
2026-06-30T02:31:07.568Z: Metadata guncellendi
2026-06-30T02:31:07.569Z: 3. Kargo secenekleri aliniyor...
2026-06-30T02:31:08.375Z: 4. Odeme seansi baslatiliyor...
2026-06-30T02:31:08.376Z: Fetching payment-cod/apply...
2026-06-30T02:31:08.382Z: payment-cod/apply success
2026-06-30T02:31:08.383Z: Retrieving cart...
2026-06-30T02:31:08.437Z: Initiating payment session with providerId: pp_system_default
2026-06-30T02:31:08.559Z: Payment session initiated
2026-06-30T02:31:08.560Z: 5. Siparis isleniyor, payment method: cod_cc
2026-06-30T12:01:42.972Z: --- QUICK CHECKOUT STARTED ---
2026-06-30T12:01:42.973Z: Data: {"first_name":"HAKAN ","last_name":"ASAN","phone":"5323370081","email":"SDDSDS@DSDSDS.COM","address":"ASFÇKAMSFKLSF ASLFLŞASKŞSAKFŞLSAKFŞ","province":"Batman","city":"Gercüş","order_note":"","coupon":"","payment_method":"cod_cc","invoice_type":"bireysel","tckn":"","vkn":"","tax_office":"","company_name":"","cc_owner":"","cc_month":"","cc_year":"","cc_cvv":"***","country_code":"tr","cart_id":"cart_01KWC6CNT1CMGZ2TA64H8CH3HT","variant_id":"","quantity":1}
2026-06-30T12:01:42.974Z: Getting auth headers...
2026-06-30T12:01:42.976Z: targetCartId: cart_01KWC6CNT1CMGZ2TA64H8CH3HT
2026-06-30T12:01:42.976Z: 2. Adres Guncelleniyor...
2026-06-30T12:01:43.571Z: 2. Adresler Guncellendi
2026-06-30T12:01:44.029Z: Metadata guncellendi
2026-06-30T12:01:44.030Z: 3. Kargo secenekleri aliniyor...
2026-06-30T12:01:44.766Z: 4. Odeme seansi baslatiliyor...
2026-06-30T12:01:44.767Z: Fetching payment-cod/apply...
2026-06-30T12:01:44.775Z: payment-cod/apply success
2026-06-30T12:01:44.776Z: Retrieving cart...
2026-06-30T12:01:44.834Z: Initiating payment session with providerId: pp_system_default
2026-06-30T12:01:44.962Z: Payment session initiated
2026-06-30T12:01:44.962Z: 5. Siparis isleniyor, payment method: cod_cc
2026-06-30T12:15:18.509Z: --- QUICK CHECKOUT STARTED ---
2026-06-30T12:15:18.510Z: Data: {"first_name":"SELİM","last_name":"ÜNLÜ","phone":"5323370081","email":"SFSDFSDFS@DFSDFSD.COM","address":"SADLAKSDLKASDLKSALKLKSAD SADLKDSALKDSALKSADLKSA","province":"Artvin","city":"Borçka","order_note":"","coupon":"","payment_method":"cod_cc","invoice_type":"bireysel","tckn":"","vkn":"","tax_office":"","company_name":"","cc_owner":"","cc_month":"","cc_year":"","cc_cvv":"***","country_code":"tr","cart_id":"cart_01KWC757J6K3BRRSKNWC11PFYE","variant_id":"","quantity":1}
2026-06-30T12:15:18.510Z: Getting auth headers...
2026-06-30T12:15:18.512Z: targetCartId: cart_01KWC757J6K3BRRSKNWC11PFYE
2026-06-30T12:15:18.512Z: 2. Adres Guncelleniyor...
2026-06-30T12:15:19.064Z: 2. Adresler Guncellendi
2026-06-30T12:15:19.595Z: Metadata guncellendi
2026-06-30T12:15:19.595Z: 3. Kargo secenekleri aliniyor...
2026-06-30T12:15:20.421Z: 4. Odeme seansi baslatiliyor...
2026-06-30T12:15:20.422Z: Fetching payment-cod/apply...
2026-06-30T12:15:20.428Z: payment-cod/apply success
2026-06-30T12:15:20.428Z: Retrieving cart...
2026-06-30T12:15:20.496Z: Initiating payment session with providerId: pp_cod_cash
2026-06-30T12:15:20.619Z: Payment session initiated
2026-06-30T12:15:20.620Z: 5. Siparis isleniyor, payment method: cod_cc
2026-06-30T12:28:19.596Z: --- QUICK CHECKOUT STARTED ---
2026-06-30T12:28:19.600Z: Data: {"first_name":"DESTAN ","last_name":"ŞAHİN","phone":"5323370081","email":"dsahdjashd@slkskal.com","address":"SLKSKALKLSALKSA SALSLSALLSAK SALLSALŞLSA","province":"İstanbul","city":"Küçükçekmece","order_note":"","coupon":"","payment_method":"cod_cc","invoice_type":"bireysel","tckn":"","vkn":"","tax_office":"","company_name":"","cc_owner":"","cc_month":"","cc_year":"","cc_cvv":"***","country_code":"tr","cart_id":"cart_01KWC7YR170X5QY00WD01YV382","variant_id":"","quantity":1}
2026-06-30T12:28:19.601Z: Getting auth headers...
2026-06-30T12:28:19.603Z: targetCartId: cart_01KWC7YR170X5QY00WD01YV382
2026-06-30T12:28:19.603Z: 2. Adres Guncelleniyor...
2026-06-30T12:28:20.152Z: 2. Adresler Guncellendi
2026-06-30T12:28:20.691Z: Metadata guncellendi
2026-06-30T12:28:20.691Z: 3. Kargo secenekleri aliniyor...
2026-06-30T12:28:21.543Z: 4. Odeme seansi baslatiliyor...
2026-06-30T12:28:21.544Z: Fetching payment-cod/apply...
2026-06-30T12:28:21.551Z: payment-cod/apply success
2026-06-30T12:28:21.552Z: Retrieving cart...
2026-06-30T12:28:21.604Z: Initiating payment session with providerId: pp_cod_cash
2026-06-30T12:28:21.729Z: Payment session initiated
2026-06-30T12:28:21.730Z: 5. Siparis isleniyor, payment method: cod_cc
2026-06-30T15:27:27.657Z: --- QUICK CHECKOUT STARTED ---
2026-06-30T15:27:27.660Z: Data: {"first_name":"YUSUF","last_name":"DERE","phone":"5323370081","email":"hdjhdshj@kkslkds.com","address":"KLFLKFKLFLKD DFLKDFLKLKDF FDLKFDLKLKDF DFLKDFLKLKDF","province":"Batman","city":"Hasankeyf","order_note":"","coupon":"","payment_method":"cod_cc","invoice_type":"bireysel","tckn":"","vkn":"","tax_office":"","company_name":"","cc_owner":"","cc_month":"","cc_year":"","cc_cvv":"***","country_code":"tr","cart_id":"cart_01KWCJ6T9202CDTAFY382MSHTT","variant_id":"","quantity":1}
2026-06-30T15:27:27.660Z: Getting auth headers...
2026-06-30T15:27:27.668Z: targetCartId: cart_01KWCJ6T9202CDTAFY382MSHTT
2026-06-30T15:27:27.669Z: 2. Adres Guncelleniyor...
2026-06-30T15:27:28.263Z: 2. Adresler Guncellendi
2026-06-30T15:27:28.729Z: Metadata guncellendi
2026-06-30T15:27:28.729Z: 3. Kargo secenekleri aliniyor...
2026-06-30T15:27:29.626Z: 4. Odeme seansi baslatiliyor...
2026-06-30T15:27:29.627Z: Fetching payment-cod/apply...
2026-06-30T15:27:29.633Z: payment-cod/apply success
2026-06-30T15:27:29.634Z: Retrieving cart...
2026-06-30T15:27:29.694Z: Initiating payment session with providerId: pp_cod_cash
2026-06-30T15:27:29.798Z: Payment session initiated
2026-06-30T15:27:29.799Z: 5. Siparis isleniyor, payment method: cod_cc
2026-06-30T16:08:36.789Z: --- QUICK CHECKOUT STARTED ---
2026-06-30T16:08:36.789Z: Data: {"first_name":"DENEME","last_name":"DENEME","phone":"5323370081","email":"sadkjdsajkdsa@slkskl.com","address":"DENEME DENEME DENEME DENEME","province":"Ankara","city":"Etimesgut","order_note":"","coupon":"","payment_method":"cod_cc","invoice_type":"bireysel","tckn":"","vkn":"","tax_office":"","company_name":"","cc_owner":"","cc_month":"","cc_year":"","cc_cvv":"***","country_code":"tr","cart_id":"cart_01KWCMHGYVSR8J887ATEV17JW9","variant_id":"","quantity":1}
2026-06-30T16:08:36.790Z: Getting auth headers...
2026-06-30T16:08:36.791Z: targetCartId: cart_01KWCMHGYVSR8J887ATEV17JW9
2026-06-30T16:08:36.792Z: 2. Adres Guncelleniyor...
2026-06-30T16:08:37.323Z: 2. Adresler Guncellendi
2026-06-30T16:08:37.839Z: Metadata guncellendi
2026-06-30T16:08:37.840Z: 3. Kargo secenekleri aliniyor...
2026-06-30T16:08:38.528Z: 4. Odeme seansi baslatiliyor...
2026-06-30T16:08:38.529Z: Fetching payment-cod/apply...
2026-06-30T16:08:38.536Z: payment-cod/apply success
2026-06-30T16:08:38.537Z: Retrieving cart...
2026-06-30T16:08:38.593Z: Initiating payment session with providerId: pp_cod_cash
2026-06-30T16:08:38.696Z: Payment session initiated
2026-06-30T16:08:38.696Z: 5. Siparis isleniyor, payment method: cod_cc
2026-06-30T21:34:53.141Z: --- QUICK CHECKOUT STARTED ---
2026-06-30T21:34:53.143Z: Data: {"first_name":"HAKAN ","last_name":"TAŞKIN","phone":"5323370081","email":"sdkjdsjk@slkdslk.com","address":"ASDLASDŞLASD ASŞLDASŞDLASŞD  ASDKASDLKASDLASKD","province":"Bilecik","city":"İnhisar","order_note":"","coupon":"","payment_method":"cod_cc","invoice_type":"bireysel","tckn":"","vkn":"","tax_office":"","company_name":"","cc_owner":"","cc_month":"","cc_year":"","cc_cvv":"***","country_code":"tr","cart_id":"cart_01KWD77NRREH4NGZ82MFXRTXSW","variant_id":"","quantity":1}
2026-06-30T21:34:53.144Z: Getting auth headers...
2026-06-30T21:34:53.145Z: targetCartId: cart_01KWD77NRREH4NGZ82MFXRTXSW
2026-06-30T21:34:53.146Z: 2. Adres Guncelleniyor...
2026-06-30T21:34:53.658Z: 2. Adresler Guncellendi
2026-06-30T21:34:54.092Z: Metadata guncellendi
2026-06-30T21:34:54.093Z: 3. Kargo secenekleri aliniyor...
2026-06-30T21:34:54.865Z: 4. Odeme seansi baslatiliyor...
2026-06-30T21:34:54.865Z: Fetching payment-cod/apply...
2026-06-30T21:34:54.871Z: payment-cod/apply success
2026-06-30T21:34:54.872Z: Retrieving cart...
2026-06-30T21:34:54.913Z: Initiating payment session with providerId: pp_cod_cash
2026-06-30T21:34:55.005Z: Payment session initiated
2026-06-30T21:34:55.006Z: 5. Siparis isleniyor, payment method: cod_cc
2026-06-30T21:41:09.258Z: --- QUICK CHECKOUT STARTED ---
2026-06-30T21:41:09.259Z: Data: {"first_name":"AASSASA","last_name":"SASAAS","phone":"5323370081","email":"DSDS@SASASA.COM","address":"SASASASA","province":"Balıkesir","city":"Kepsut","order_note":"","coupon":"","payment_method":"cod_cc","invoice_type":"bireysel","tckn":"","vkn":"","tax_office":"","company_name":"","cc_owner":"","cc_month":"","cc_year":"","cc_cvv":"***","country_code":"tr","cart_id":"cart_01KWD7KSDH7P1XK2Y8H9R9VB4C","variant_id":"","quantity":1}
2026-06-30T21:41:09.260Z: Getting auth headers...
2026-06-30T21:41:09.261Z: targetCartId: cart_01KWD7KSDH7P1XK2Y8H9R9VB4C
2026-06-30T21:41:09.262Z: 2. Adres Guncelleniyor...
2026-06-30T21:41:09.680Z: 2. Adresler Guncellendi
2026-06-30T21:41:10.214Z: Metadata guncellendi
2026-06-30T21:41:10.215Z: 3. Kargo secenekleri aliniyor...
2026-06-30T21:41:11.151Z: 4. Odeme seansi baslatiliyor...
2026-06-30T21:41:11.151Z: Fetching payment-cod/apply...
2026-06-30T21:41:11.157Z: payment-cod/apply success
2026-06-30T21:41:11.158Z: Retrieving cart...
2026-06-30T21:41:11.208Z: Initiating payment session with providerId: pp_cod_cash
2026-06-30T21:41:11.319Z: Payment session initiated
2026-06-30T21:41:11.320Z: 5. Siparis isleniyor, payment method: cod_cc
2026-06-30T21:42:45.338Z: --- QUICK CHECKOUT STARTED ---
2026-06-30T21:42:45.339Z: Data: {"first_name":"SAASADAS","last_name":"SADASDASD","phone":"5323370081","email":"SAADSA@SAASA.COM","address":"SADASDASDASDASD","province":"Bingöl","city":"Merkez","order_note":"","coupon":"","payment_method":"cod_cc","invoice_type":"bireysel","tckn":"","vkn":"","tax_office":"","company_name":"","cc_owner":"","cc_month":"","cc_year":"","cc_cvv":"***","country_code":"tr","cart_id":"cart_01KWD7KSDH7P1XK2Y8H9R9VB4C","variant_id":"","quantity":1}
2026-06-30T21:42:45.340Z: Getting auth headers...
2026-06-30T21:42:45.341Z: targetCartId: cart_01KWD7KSDH7P1XK2Y8H9R9VB4C
2026-06-30T21:42:45.343Z: 2. Adres Guncelleniyor...
2026-06-30T21:42:45.625Z: ERROR Adres guncellenemedi: Cart cart_01KWD7KSDH7P1XK2Y8H9R9VB4C is already completed.
2026-06-30T21:46:55.460Z: --- QUICK CHECKOUT STARTED ---
2026-06-30T21:46:55.461Z: Data: {"first_name":"SASAAS","last_name":"ASASAs","phone":"5323370081","email":"ASAS@SASASA.COM","address":"asaSas","province":"Bilecik","city":"İnhisar","order_note":"","coupon":"","payment_method":"cod_cc","invoice_type":"bireysel","tckn":"","vkn":"","tax_office":"","company_name":"","cc_owner":"","cc_month":"","cc_year":"","cc_cvv":"***","country_code":"tr","cart_id":"cart_01KWD7RKXCMPT2QSR2WVGTPM22","variant_id":"","quantity":1}
2026-06-30T21:46:55.461Z: Getting auth headers...
2026-06-30T21:46:55.463Z: targetCartId: cart_01KWD7RKXCMPT2QSR2WVGTPM22
2026-06-30T21:46:55.463Z: 2. Adres Guncelleniyor...
2026-06-30T21:46:56.026Z: 2. Adresler Guncellendi
2026-06-30T21:46:56.554Z: Metadata guncellendi
2026-06-30T21:46:56.555Z: 3. Kargo secenekleri aliniyor...
2026-06-30T21:46:57.339Z: 4. Odeme seansi baslatiliyor...
2026-06-30T21:46:57.339Z: Fetching payment-cod/apply...
2026-06-30T21:46:57.345Z: payment-cod/apply success
2026-06-30T21:46:57.345Z: Retrieving cart...
2026-06-30T21:46:57.391Z: Initiating payment session with providerId: pp_cod_cash
2026-06-30T21:46:57.493Z: Payment session initiated
2026-06-30T21:46:57.494Z: 5. Siparis isleniyor, payment method: cod_cc
2026-06-30T23:32:55.650Z: --- QUICK CHECKOUT STARTED ---
2026-06-30T23:32:55.651Z: Data: {"first_name":"ZXZX","last_name":"XZX","phone":"5323370081","email":"SDFSDF@ASSASA.COM","address":"ZXZXZX","province":"Bilecik","city":"Merkez","order_note":"","coupon":"","payment_method":"cod_cc","invoice_type":"bireysel","tckn":"","vkn":"","tax_office":"","company_name":"","cc_owner":"","cc_month":"","cc_year":"","cc_cvv":"***","country_code":"tr","cart_id":"cart_01KWDDZH1DB1XEHD12SVXPMNH3","variant_id":"","quantity":1}
2026-06-30T23:32:55.652Z: Getting auth headers...
2026-06-30T23:32:55.654Z: targetCartId: cart_01KWDDZH1DB1XEHD12SVXPMNH3
2026-06-30T23:32:55.655Z: 2. Adres Guncelleniyor...
2026-06-30T23:32:56.238Z: 2. Adresler Guncellendi
2026-06-30T23:32:56.699Z: Metadata guncellendi
2026-06-30T23:32:56.699Z: 3. Kargo secenekleri aliniyor...
2026-06-30T23:32:57.517Z: 4. Odeme seansi baslatiliyor...
2026-06-30T23:32:57.518Z: Fetching payment-cod/apply...
2026-06-30T23:32:57.524Z: payment-cod/apply success
2026-06-30T23:32:57.524Z: Retrieving cart...
2026-06-30T23:32:57.584Z: Initiating payment session with providerId: pp_cod_cash
2026-06-30T23:32:57.701Z: Payment session initiated
2026-06-30T23:32:57.702Z: 5. Siparis isleniyor, payment method: cod_cc
2026-06-30T23:38:21.823Z: --- QUICK CHECKOUT STARTED ---
2026-06-30T23:38:21.823Z: Data: {"first_name":"SASASA","last_name":"KKJJK","phone":"5323370081","email":"ASADS@SASSA.COM","address":"XCXCXC","province":"Bingöl","city":"Kiğı","order_note":"","coupon":"","payment_method":"cod_cc","invoice_type":"bireysel","tckn":"","vkn":"","tax_office":"","company_name":"","cc_owner":"","cc_month":"","cc_year":"","cc_cvv":"***","country_code":"tr","cart_id":"cart_01KWDE9JM2EBTES1609Q8TB163","variant_id":"","quantity":1}
2026-06-30T23:38:21.824Z: Getting auth headers...
2026-06-30T23:38:21.826Z: targetCartId: cart_01KWDE9JM2EBTES1609Q8TB163
2026-06-30T23:38:21.827Z: 2. Adres Guncelleniyor...
2026-06-30T23:38:22.363Z: 2. Adresler Guncellendi
2026-06-30T23:38:22.798Z: Metadata guncellendi
2026-06-30T23:38:22.798Z: 3. Kargo secenekleri aliniyor...
2026-06-30T23:38:23.931Z: 4. Odeme seansi baslatiliyor...
2026-06-30T23:38:23.932Z: Fetching payment-cod/apply...
2026-06-30T23:38:23.938Z: payment-cod/apply success
2026-06-30T23:38:23.939Z: Retrieving cart...
2026-06-30T23:38:24.003Z: Initiating payment session with providerId: pp_cod_cash
2026-06-30T23:38:24.106Z: Payment session initiated
2026-06-30T23:38:24.107Z: 5. Siparis isleniyor, payment method: cod_cc
2026-07-01T00:10:38.153Z: --- QUICK CHECKOUT STARTED ---
2026-07-01T00:10:38.154Z: Data: {"first_name":"sasasa","last_name":"sasasa","phone":"77676767676","email":"asadasd@dssads.com","address":"sasasasasa","province":"Bayburt","city":"Merkez","order_note":"","coupon":"","payment_method":"cod_cc","invoice_type":"bireysel","tckn":"","vkn":"","tax_office":"","company_name":"","cc_owner":"","cc_month":"","cc_year":"","cc_cvv":"***","country_code":"tr","cart_id":"cart_01KWDG5FWMQ270XCW5AJKGAJ81","variant_id":"","quantity":1}
2026-07-01T00:10:38.154Z: Getting auth headers...
2026-07-01T00:10:38.156Z: targetCartId: cart_01KWDG5FWMQ270XCW5AJKGAJ81
2026-07-01T00:10:38.156Z: 2. Adres Guncelleniyor...
2026-07-01T00:10:38.656Z: 2. Adresler Guncellendi
2026-07-01T00:10:39.123Z: Metadata guncellendi
2026-07-01T00:10:39.124Z: 3. Kargo secenekleri aliniyor...
2026-07-01T00:10:39.882Z: 4. Odeme seansi baslatiliyor...
2026-07-01T00:10:39.883Z: Fetching payment-cod/apply...
2026-07-01T00:10:39.889Z: payment-cod/apply success
2026-07-01T00:10:39.890Z: Retrieving cart...
2026-07-01T00:10:39.942Z: Initiating payment session with providerId: pp_cod_cash
2026-07-01T00:10:40.056Z: Payment session initiated
2026-07-01T00:10:40.057Z: 5. Siparis isleniyor, payment method: cod_cc
2026-07-04T14:38:41.006Z: --- QUICK CHECKOUT STARTED ---
2026-07-04T14:38:41.008Z: Data: {"first_name":"HAKKI","last_name":"ŞAHİN","phone":"5323370081","email":"info@modaskop.com","address":"MERKEZ MAH SOKULLU MEHMET PAA CAD NO:77 GÜNGÖREN/İSTANBUL","province":"İstanbul","city":"Güngören","order_note":"","coupon":"","payment_method":"cod_cc","invoice_type":"bireysel","tckn":"","vkn":"","tax_office":"","company_name":"","cc_owner":"","cc_month":"","cc_year":"","cc_cvv":"***","country_code":"tr","cart_id":"cart_01KWDQRNW6C7P40XDAKEB0DTXT","variant_id":"","quantity":1}
2026-07-04T14:38:41.008Z: Getting auth headers...
2026-07-04T14:38:41.018Z: targetCartId: cart_01KWDQRNW6C7P40XDAKEB0DTXT
2026-07-04T14:38:41.022Z: 2. Adres Guncelleniyor...
2026-07-04T14:38:42.783Z: 2. Adresler Guncellendi
2026-07-04T14:38:43.781Z: Metadata guncellendi
2026-07-04T14:38:43.782Z: 3. Kargo secenekleri aliniyor...
2026-07-04T14:38:45.545Z: 4. Odeme seansi baslatiliyor...
2026-07-04T14:38:45.546Z: Fetching payment-cod/apply...
2026-07-04T14:38:45.554Z: payment-cod/apply success
2026-07-04T14:38:45.557Z: Retrieving cart...
2026-07-04T14:38:45.650Z: Initiating payment session with providerId: pp_cod_cash
2026-07-04T14:38:45.844Z: Payment session initiated
2026-07-04T14:38:45.845Z: 5. Siparis isleniyor, payment method: cod_cc
2026-07-04T14:51:20.736Z: --- QUICK CHECKOUT STARTED ---
2026-07-04T14:51:20.745Z: Data: {"first_name":"asass","last_name":"aSasaS","phone":"5323370081","email":"sssss@aaaa.com","address":"AsASASas","province":"Bayburt","city":"Demirözü","order_note":"","coupon":"","payment_method":"cod_cc","invoice_type":"bireysel","tckn":"","vkn":"","tax_office":"","company_name":"","cc_owner":"","cc_month":"","cc_year":"","cc_cvv":"***","country_code":"tr","cart_id":"cart_01KWPSR9J2SEDKT4F6K3NMTC84","variant_id":"","quantity":1}
2026-07-04T14:51:20.747Z: Getting auth headers...
2026-07-04T14:51:20.752Z: targetCartId: cart_01KWPSR9J2SEDKT4F6K3NMTC84
2026-07-04T14:51:20.753Z: 2. Adres Guncelleniyor...
2026-07-04T14:51:22.125Z: 2. Adresler Guncellendi
2026-07-04T14:51:22.864Z: Metadata guncellendi
2026-07-04T14:51:22.865Z: 3. Kargo secenekleri aliniyor...
2026-07-04T14:51:24.731Z: 4. Odeme seansi baslatiliyor...
2026-07-04T14:51:24.732Z: Fetching payment-cod/apply...
2026-07-04T14:51:24.748Z: payment-cod/apply success
2026-07-04T14:51:24.750Z: Retrieving cart...
2026-07-04T14:51:24.866Z: Initiating payment session with providerId: pp_cod_cash
2026-07-04T14:51:25.303Z: Payment session initiated
2026-07-04T14:51:25.304Z: 5. Siparis isleniyor, payment method: cod_cc
2026-07-05T15:06:10.755Z: --- QUICK CHECKOUT STARTED ---
2026-07-05T15:06:10.767Z: Data: {"first_name":"HAYDAR","last_name":"BAŞ","phone":"5323370081","email":"deneme@deneme","address":"MERKEZ MAH SOKULLU MEHMET PAŞA CAD. NO:47","province":"İstanbul","city":"Güngören","order_note":"","coupon":"","payment_method":"cod_cc","invoice_type":"bireysel","tckn":"","vkn":"","tax_office":"","company_name":"","cc_owner":"","cc_month":"","cc_year":"","cc_cvv":"***","country_code":"tr","cart_id":"cart_01KWQK7RQWS6JJZYRRH2JBZB7J","variant_id":"","quantity":1}
2026-07-05T15:06:10.768Z: Getting auth headers...
2026-07-05T15:06:10.771Z: targetCartId: cart_01KWQK7RQWS6JJZYRRH2JBZB7J
2026-07-05T15:06:10.772Z: 2. Adres Guncelleniyor...
2026-07-05T15:06:10.810Z: ERROR Adres guncellenemedi: Invalid request: Invalid email address
2026-07-05T15:06:31.099Z: --- QUICK CHECKOUT STARTED ---
2026-07-05T15:06:31.103Z: Data: {"first_name":"HAYDAR","last_name":"BAŞ","phone":"5323370081","email":"deneme@deneme.com","address":"MERKEZ MAH SOKULLU MEHMET PAŞA CAD. NO:47","province":"İstanbul","city":"Güngören","order_note":"","coupon":"","payment_method":"cod_cc","invoice_type":"bireysel","tckn":"","vkn":"","tax_office":"","company_name":"","cc_owner":"","cc_month":"","cc_year":"","cc_cvv":"***","country_code":"tr","cart_id":"cart_01KWQK7RQWS6JJZYRRH2JBZB7J","variant_id":"","quantity":1}
2026-07-05T15:06:31.104Z: Getting auth headers...
2026-07-05T15:06:31.106Z: targetCartId: cart_01KWQK7RQWS6JJZYRRH2JBZB7J
2026-07-05T15:06:31.108Z: 2. Adres Guncelleniyor...
2026-07-05T15:06:32.448Z: 2. Adresler Guncellendi
2026-07-05T15:06:33.308Z: Metadata guncellendi
2026-07-05T15:06:33.309Z: 3. Kargo secenekleri aliniyor...
2026-07-05T15:06:35.284Z: 4. Odeme seansi baslatiliyor...
2026-07-05T15:06:35.286Z: Fetching payment-cod/apply...
2026-07-05T15:06:35.306Z: payment-cod/apply success
2026-07-05T15:06:35.307Z: Retrieving cart...
2026-07-05T15:06:35.407Z: Initiating payment session with providerId: pp_cod_cash
2026-07-05T15:06:35.613Z: Payment session initiated
2026-07-05T15:06:35.614Z: 5. Siparis isleniyor, payment method: cod_cc
